<?xml version="1.0" encoding="UTF-8"?>
<testsuite hostname="Suree" failures="0" tests="1" name="wfm.testcases.LoginTestCase" time="0.032" errors="0" timestamp="16 Dec 2022 05:57:43 GMT">
  <testcase classname="wfm.testcases.LoginTestCase" name="@BeforeMethod teaminfo" time="0.0">
    <failure type="java.lang.NullPointerException">
      <![CDATA[java.lang.NullPointerException
	at common.utils.ExtWebDrivers.teaminfo(ExtWebDrivers.java:50)
	at org.apache.maven.surefire.testng.TestNGExecutor.run(TestNGExecutor.java:77)
	at org.apache.maven.surefire.testng.TestNGDirectoryTestSuite.execute(TestNGDirectoryTestSuite.java:110)
	at org.apache.maven.surefire.testng.TestNGProvider.invoke(TestNGProvider.java:106)
	at org.apache.maven.surefire.util.ReflectionUtils.invokeMethodWithArray(ReflectionUtils.java:189)
	at org.apache.maven.surefire.booter.ProviderFactory$ProviderProxy.invoke(ProviderFactory.java:165)
	at org.apache.maven.surefire.booter.ProviderFactory.invokeProvider(ProviderFactory.java:85)
	at org.apache.maven.surefire.booter.ForkedBooter.runSuitesInProcess(ForkedBooter.java:115)
	at org.apache.maven.surefire.booter.ForkedBooter.main(ForkedBooter.java:75)
... Removed 28 stack frames]]>
    </failure>
  </testcase>
  <testcase classname="wfm.testcases.LoginTestCase" name="@BeforeMethod setup" time="0.0">
    <skipped/>
  </testcase>
  <testcase classname="wfm.testcases.LoginTestCase" name="@AfterMethod tearDown" time="0.0">
    <failure type="java.lang.NullPointerException">
      <![CDATA[java.lang.NullPointerException
	at common.utils.ExtWebDrivers.tearDown(ExtWebDrivers.java:203)
	at org.apache.maven.surefire.testng.TestNGExecutor.run(TestNGExecutor.java:77)
	at org.apache.maven.surefire.testng.TestNGDirectoryTestSuite.execute(TestNGDirectoryTestSuite.java:110)
	at org.apache.maven.surefire.testng.TestNGProvider.invoke(TestNGProvider.java:106)
	at org.apache.maven.surefire.util.ReflectionUtils.invokeMethodWithArray(ReflectionUtils.java:189)
	at org.apache.maven.surefire.booter.ProviderFactory$ProviderProxy.invoke(ProviderFactory.java:165)
	at org.apache.maven.surefire.booter.ProviderFactory.invokeProvider(ProviderFactory.java:85)
	at org.apache.maven.surefire.booter.ForkedBooter.runSuitesInProcess(ForkedBooter.java:115)
	at org.apache.maven.surefire.booter.ForkedBooter.main(ForkedBooter.java:75)
... Removed 28 stack frames]]>
    </failure>
  </testcase>
  <testcase classname="wfm.testcases.LoginTestCase" name="facebooklogintest" time="0.013">
    <skipped/>
  </testcase>
</testsuite>
